<?xml version="1.0" encoding="UTF-8"?>
<!-- Generated by org.testng.reporters.JUnitXMLReporter -->
<testsuite ignored="4" hostname="LPBIHSIND0964" failures="2" tests="3" name="Test" time="80.409" errors="0" timestamp="2023-04-27T12:10:42 IST">
  <testcase classname="com.OMS.SO.Negative_Flow.TC_001_SO_Create_So_with_L1_without_KYC_Test" name="Create_So_with_L1_without_KYC_Test" time="15.331">
    <failure type="org.openqa.selenium.StaleElementReferenceException" message="stale element reference: element is not attached to the page document
  (Session info: chrome=112.0.5615.138)
For documentation on this error, please visit: https://selenium.dev/exceptions/#stale_element_reference
Build info: version: &amp;apos;4.5.0&amp;apos;, revision: &amp;apos;fe167b119a&amp;apos;
System info: os.name: &amp;apos;Windows 11&amp;apos;, os.arch: &amp;apos;amd64&amp;apos;, os.version: &amp;apos;10.0&amp;apos;, java.version: &amp;apos;17.0.4.1&amp;apos;
Driver info: org.openqa.selenium.chrome.ChromeDriver
Command: [e7c3caa5dccf02059b7fe715fe93986f, executeScript {script=arguments[0].scrollIntoView(true);, args=[{ELEMENT=8a2f5f6c-ee23-4ab5-9944-bf957d1c6392, element-6066-11e4-a52e-4f735466cecf=8a2f5f6c-ee23-4ab5-9944-bf957d1c6392}]}]
Capabilities {acceptInsecureCerts: false, browserName: chrome, browserVersion: 112.0.5615.138, chrome: {chromedriverVersion: 112.0.5615.49 (bd2a7bcb881c..., userDataDir: C:\Users\IRFAN~1.PIN\AppDat...}, goog:chromeOptions: {debuggerAddress: localhost:61893}, networkConnectionEnabled: false, pageLoadStrategy: normal, platformName: WINDOWS, proxy: Proxy(), se:cdp: ws://localhost:61893/devtoo..., se:cdpVersion: 112.0.5615.138, setWindowRect: true, strictFileInteractability: false, timeouts: {implicit: 0, pageLoad: 300000, script: 30000}, unhandledPromptBehavior: dismiss and notify, webauthn:extension:credBlob: true, webauthn:extension:largeBlob: true, webauthn:extension:minPinLength: true, webauthn:extension:prf: true, webauthn:virtualAuthenticators: true}
Session ID: e7c3caa5dccf02059b7fe715fe93986f">
      <![CDATA[org.openqa.selenium.StaleElementReferenceException: stale element reference: element is not attached to the page document
  (Session info: chrome=112.0.5615.138)
For documentation on this error, please visit: https://selenium.dev/exceptions/#stale_element_reference
Build info: version: '4.5.0', revision: 'fe167b119a'
System info: os.name: 'Windows 11', os.arch: 'amd64', os.version: '10.0', java.version: '17.0.4.1'
Driver info: org.openqa.selenium.chrome.ChromeDriver
Command: [e7c3caa5dccf02059b7fe715fe93986f, executeScript {script=arguments[0].scrollIntoView(true);, args=[{ELEMENT=8a2f5f6c-ee23-4ab5-9944-bf957d1c6392, element-6066-11e4-a52e-4f735466cecf=8a2f5f6c-ee23-4ab5-9944-bf957d1c6392}]}]
Capabilities {acceptInsecureCerts: false, browserName: chrome, browserVersion: 112.0.5615.138, chrome: {chromedriverVersion: 112.0.5615.49 (bd2a7bcb881c..., userDataDir: C:\Users\IRFAN~1.PIN\AppDat...}, goog:chromeOptions: {debuggerAddress: localhost:61893}, networkConnectionEnabled: false, pageLoadStrategy: normal, platformName: WINDOWS, proxy: Proxy(), se:cdp: ws://localhost:61893/devtoo..., se:cdpVersion: 112.0.5615.138, setWindowRect: true, strictFileInteractability: false, timeouts: {implicit: 0, pageLoad: 300000, script: 30000}, unhandledPromptBehavior: dismiss and notify, webauthn:extension:credBlob: true, webauthn:extension:largeBlob: true, webauthn:extension:minPinLength: true, webauthn:extension:prf: true, webauthn:virtualAuthenticators: true}
Session ID: e7c3caa5dccf02059b7fe715fe93986f
at org.openqa.selenium.remote.codec.w3c.W3CHttpResponseCodec.createException(W3CHttpResponseCodec.java:200)
at org.openqa.selenium.remote.codec.w3c.W3CHttpResponseCodec.decode(W3CHttpResponseCodec.java:133)
at org.openqa.selenium.remote.codec.w3c.W3CHttpResponseCodec.decode(W3CHttpResponseCodec.java:53)
at org.openqa.selenium.remote.HttpCommandExecutor.execute(HttpCommandExecutor.java:184)
at org.openqa.selenium.remote.service.DriverCommandExecutor.invokeExecute(DriverCommandExecutor.java:167)
at org.openqa.selenium.remote.service.DriverCommandExecutor.execute(DriverCommandExecutor.java:142)
at org.openqa.selenium.remote.RemoteWebDriver.execute(RemoteWebDriver.java:547)
at org.openqa.selenium.remote.RemoteWebDriver.executeScript(RemoteWebDriver.java:481)
at com.oms.GenericLib.BaseUtilityClass.scrollIntoView(BaseUtilityClass.java:371)
at com.oms.GenericLib.BaseUtilityClass.customClick(BaseUtilityClass.java:377)
at com.oms.GenericLib.CommonActionClass.toastMessage(CommonActionClass.java:329)
at com.OMS.SO.Negative_Flow.TC_001_SO_Create_So_with_L1_without_KYC_Test.get_Create_SO(TC_001_SO_Create_So_with_L1_without_KYC_Test.java:143)
at com.OMS.SO.Negative_Flow.TC_001_SO_Create_So_with_L1_without_KYC_Test.Create_So_with_L1_without_KYC_Test(TC_001_SO_Create_So_with_L1_without_KYC_Test.java:35)
at java.base/java.util.ArrayList.forEach(ArrayList.java:1511)
... Removed 32 stack frames]]>
    </failure>
  </testcase> <!-- Create_So_with_L1_without_KYC_Test -->
  <testcase classname="com.OMS.SO.Negative_Flow.TC_002_SO_Create_So_with_KYC_without_L1_Test" name="Create_So_with_KYC_without_L1_Test" time="13.09"/>
  <testcase classname="com.OMS.SO.Negative_Flow.TC_003_SO_Create_So_customer_type_change_Test" name="Create_So_customer_type_change_Test" time="29.106">
    <failure type="org.openqa.selenium.StaleElementReferenceException" message="stale element reference: element is not attached to the page document
  (Session info: chrome=112.0.5615.138)
For documentation on this error, please visit: https://selenium.dev/exceptions/#stale_element_reference
Build info: version: &amp;apos;4.5.0&amp;apos;, revision: &amp;apos;fe167b119a&amp;apos;
System info: os.name: &amp;apos;Windows 11&amp;apos;, os.arch: &amp;apos;amd64&amp;apos;, os.version: &amp;apos;10.0&amp;apos;, java.version: &amp;apos;17.0.4.1&amp;apos;
Driver info: org.openqa.selenium.chrome.ChromeDriver
Command: [4b135b573ce3d282989ef4b1a71ea055, clickElement {id=e566c8de-6541-4a96-b83f-3eaf04681a80}]
Capabilities {acceptInsecureCerts: false, browserName: chrome, browserVersion: 112.0.5615.138, chrome: {chromedriverVersion: 112.0.5615.49 (bd2a7bcb881c..., userDataDir: C:\Users\IRFAN~1.PIN\AppDat...}, goog:chromeOptions: {debuggerAddress: localhost:61958}, networkConnectionEnabled: false, pageLoadStrategy: normal, platformName: WINDOWS, proxy: Proxy(), se:cdp: ws://localhost:61958/devtoo..., se:cdpVersion: 112.0.5615.138, setWindowRect: true, strictFileInteractability: false, timeouts: {implicit: 0, pageLoad: 300000, script: 30000}, unhandledPromptBehavior: dismiss and notify, webauthn:extension:credBlob: true, webauthn:extension:largeBlob: true, webauthn:extension:minPinLength: true, webauthn:extension:prf: true, webauthn:virtualAuthenticators: true}
Element: [[ChromeDriver: chrome on WINDOWS (4b135b573ce3d282989ef4b1a71ea055)] -&amp;gt; xpath: //div[@class=&amp;apos;toast-message&amp;apos;]]
Session ID: 4b135b573ce3d282989ef4b1a71ea055">
      <![CDATA[org.openqa.selenium.StaleElementReferenceException: stale element reference: element is not attached to the page document
  (Session info: chrome=112.0.5615.138)
For documentation on this error, please visit: https://selenium.dev/exceptions/#stale_element_reference
Build info: version: '4.5.0', revision: 'fe167b119a'
System info: os.name: 'Windows 11', os.arch: 'amd64', os.version: '10.0', java.version: '17.0.4.1'
Driver info: org.openqa.selenium.chrome.ChromeDriver
Command: [4b135b573ce3d282989ef4b1a71ea055, clickElement {id=e566c8de-6541-4a96-b83f-3eaf04681a80}]
Capabilities {acceptInsecureCerts: false, browserName: chrome, browserVersion: 112.0.5615.138, chrome: {chromedriverVersion: 112.0.5615.49 (bd2a7bcb881c..., userDataDir: C:\Users\IRFAN~1.PIN\AppDat...}, goog:chromeOptions: {debuggerAddress: localhost:61958}, networkConnectionEnabled: false, pageLoadStrategy: normal, platformName: WINDOWS, proxy: Proxy(), se:cdp: ws://localhost:61958/devtoo..., se:cdpVersion: 112.0.5615.138, setWindowRect: true, strictFileInteractability: false, timeouts: {implicit: 0, pageLoad: 300000, script: 30000}, unhandledPromptBehavior: dismiss and notify, webauthn:extension:credBlob: true, webauthn:extension:largeBlob: true, webauthn:extension:minPinLength: true, webauthn:extension:prf: true, webauthn:virtualAuthenticators: true}
Element: [[ChromeDriver: chrome on WINDOWS (4b135b573ce3d282989ef4b1a71ea055)] -> xpath: //div[@class='toast-message']]
Session ID: 4b135b573ce3d282989ef4b1a71ea055
at org.openqa.selenium.remote.codec.w3c.W3CHttpResponseCodec.createException(W3CHttpResponseCodec.java:200)
at org.openqa.selenium.remote.codec.w3c.W3CHttpResponseCodec.decode(W3CHttpResponseCodec.java:133)
at org.openqa.selenium.remote.codec.w3c.W3CHttpResponseCodec.decode(W3CHttpResponseCodec.java:53)
at org.openqa.selenium.remote.HttpCommandExecutor.execute(HttpCommandExecutor.java:184)
at org.openqa.selenium.remote.service.DriverCommandExecutor.invokeExecute(DriverCommandExecutor.java:167)
at org.openqa.selenium.remote.service.DriverCommandExecutor.execute(DriverCommandExecutor.java:142)
at org.openqa.selenium.remote.RemoteWebDriver.execute(RemoteWebDriver.java:547)
at org.openqa.selenium.remote.RemoteWebElement.execute(RemoteWebElement.java:257)
at org.openqa.selenium.remote.RemoteWebElement.click(RemoteWebElement.java:78)
at com.oms.GenericLib.BaseUtilityClass.customClick(BaseUtilityClass.java:381)
at com.oms.GenericLib.CommonActionClass.toastMessage(CommonActionClass.java:329)
at com.OMS.SO.Negative_Flow.TC_003_SO_Create_So_customer_type_change_Test.get_Create_SO(TC_003_SO_Create_So_customer_type_change_Test.java:199)
at com.OMS.SO.Negative_Flow.TC_003_SO_Create_So_customer_type_change_Test.Create_So_customer_type_change_Test(TC_003_SO_Create_So_customer_type_change_Test.java:76)
at java.base/java.util.ArrayList.forEach(ArrayList.java:1511)
... Removed 32 stack frames]]>
    </failure>
  </testcase> <!-- Create_So_customer_type_change_Test -->
  <testcase classname="com.oms.GenericLib.BaseUtilityClass" name="@BeforeSuite initializationOFObjects" time="0.0">
    <ignored/>
  </testcase> <!-- @BeforeSuite initializationOFObjects -->
  <testcase classname="com.oms.GenericLib.BaseUtilityClass" name="@BeforeSuite initializationOFObjects" time="0.0">
    <ignored/>
  </testcase> <!-- @BeforeSuite initializationOFObjects -->
  <testcase classname="com.oms.GenericLib.BaseUtilityClass" name="@AfterSuite disconnectToDB" time="0.0">
    <ignored/>
  </testcase> <!-- @AfterSuite disconnectToDB -->
  <testcase classname="com.oms.GenericLib.BaseUtilityClass" name="@AfterSuite disconnectToDB" time="0.0">
    <ignored/>
  </testcase> <!-- @AfterSuite disconnectToDB -->
</testsuite> <!-- Test -->
