<?xml version="1.0" encoding="UTF-8"?>
<!-- Generated by org.testng.reporters.JUnitReportReporter -->
<testsuite hostname="LPBIHSIND0964" failures="0" tests="1" name="com.OMS.Indent.TC_001_Indent_Raise_Non_VPO_Customer_Indent_via_cart_test" time="4.522" errors="1" timestamp="2023-05-02T13:00:05 IST" skipped="0">
  <testcase classname="com.OMS.Indent.TC_001_Indent_Raise_Non_VPO_Customer_Indent_via_cart_test" name="Indent_Raise_indent_via_cart_test" time="4.522">
    <error message="Index 1 out of bounds for length 1" type="java.lang.ArrayIndexOutOfBoundsException">
      <![CDATA[java.lang.ArrayIndexOutOfBoundsException: Index 1 out of bounds for length 1
at com.oms.GenericLib.BaseUtilityClass.getName(BaseUtilityClass.java:215)
at com.oms.GenericLib.BaseUtilityClass.getName(BaseUtilityClass.java:225)
at com.oms.GenericLib.BaseUtilityClass.customClick(BaseUtilityClass.java:379)
at com.OMS.Indent.TC_001_Indent_Raise_Non_VPO_Customer_Indent_via_cart_test.raise_indent_for_non_vpo_customer(TC_001_Indent_Raise_Non_VPO_Customer_Indent_via_cart_test.java:107)
at com.OMS.Indent.TC_001_Indent_Raise_Non_VPO_Customer_Indent_via_cart_test.Indent_Raise_indent_via_cart_test(TC_001_Indent_Raise_Non_VPO_Customer_Indent_via_cart_test.java:48)
at java.base/jdk.internal.reflect.NativeMethodAccessorImpl.invoke0(Native Method)
at java.base/jdk.internal.reflect.NativeMethodAccessorImpl.invoke(NativeMethodAccessorImpl.java:77)
at java.base/jdk.internal.reflect.DelegatingMethodAccessorImpl.invoke(DelegatingMethodAccessorImpl.java:43)
at java.base/java.lang.reflect.Method.invoke(Method.java:568)
at org.testng.internal.MethodInvocationHelper.invokeMethod(MethodInvocationHelper.java:133)
at org.testng.internal.TestInvoker.invokeMethod(TestInvoker.java:598)
at org.testng.internal.TestInvoker.invokeTestMethod(TestInvoker.java:173)
at org.testng.internal.MethodRunner.runInSequence(MethodRunner.java:46)
at org.testng.internal.TestInvoker$MethodInvocationAgent.invoke(TestInvoker.java:824)
at org.testng.internal.TestInvoker.invokeTestMethods(TestInvoker.java:146)
at org.testng.internal.TestMethodWorker.invokeTestMethods(TestMethodWorker.java:146)
at org.testng.internal.TestMethodWorker.run(TestMethodWorker.java:128)
at java.base/java.util.ArrayList.forEach(ArrayList.java:1511)
at org.testng.TestRunner.privateRun(TestRunner.java:794)
at org.testng.TestRunner.run(TestRunner.java:596)
at org.testng.SuiteRunner.runTest(SuiteRunner.java:377)
at org.testng.SuiteRunner.runSequentially(SuiteRunner.java:371)
at org.testng.SuiteRunner.privateRun(SuiteRunner.java:332)
at org.testng.SuiteRunner.run(SuiteRunner.java:276)
at org.testng.SuiteRunnerWorker.runSuite(SuiteRunnerWorker.java:53)
at org.testng.SuiteRunnerWorker.run(SuiteRunnerWorker.java:96)
at org.testng.TestNG.runSuitesSequentially(TestNG.java:1212)
at org.testng.TestNG.runSuitesLocally(TestNG.java:1134)
at org.testng.TestNG.runSuites(TestNG.java:1063)
at org.testng.TestNG.run(TestNG.java:1031)
at org.testng.remote.AbstractRemoteTestNG.run(AbstractRemoteTestNG.java:115)
at org.testng.remote.RemoteTestNG.initAndRun(RemoteTestNG.java:251)
at org.testng.remote.RemoteTestNG.main(RemoteTestNG.java:77)
]]>
    </error>
  </testcase> <!-- Indent_Raise_indent_via_cart_test -->
  <system-out>
    <![CDATA[TC_001_Indent_Raise_Non_VPO_Customer_Indent_via_cart_test
TC_001_Indent_Raise_Non_VPO_Customer_Indent_via_cart_test Got Failed
<textarea rows='5' cols='50' style='background-color:red;' readonly>java.lang.ArrayIndexOutOfBoundsException: Index 1 out of bounds for length 1</textarea>]]>
  </system-out>
</testsuite> <!-- com.OMS.Indent.TC_001_Indent_Raise_Non_VPO_Customer_Indent_via_cart_test -->
