<h2>Reporter output</h2><table><tr><td>TC_001_SO_Create_So_with_L1_without_KYC_Test</td></tr>
<tr><td>Cleared the cart with pre loaded SKU'S</td></tr>
<tr><td>TC_001_SO_Create_So_with_L1_without_KYC_Test Got Failed</td></tr>
<tr><td><textarea rows='5' cols='50' style='background-color:red;' readonly>org.openqa.selenium.StaleElementReferenceException: stale element reference: element is not attached to the page document
  (Session info: chrome=112.0.5615.138)
For documentation on this error, please visit: https://selenium.dev/exceptions/#stale_element_reference
Build info: version: '4.5.0', revision: 'fe167b119a'
System info: os.name: 'Windows 11', os.arch: 'amd64', os.version: '10.0', java.version: '17.0.4.1'
Driver info: org.openqa.selenium.chrome.ChromeDriver
Command: [e7c3caa5dccf02059b7fe715fe93986f, executeScript {script=arguments[0].scrollIntoView(true);, args=[{ELEMENT=8a2f5f6c-ee23-4ab5-9944-bf957d1c6392, element-6066-11e4-a52e-4f735466cecf=8a2f5f6c-ee23-4ab5-9944-bf957d1c6392}]}]
Capabilities {acceptInsecureCerts: false, browserName: chrome, browserVersion: 112.0.5615.138, chrome: {chromedriverVersion: 112.0.5615.49 (bd2a7bcb881c..., userDataDir: C:\Users\IRFAN~1.PIN\AppDat...}, goog:chromeOptions: {debuggerAddress: localhost:61893}, networkConnectionEnabled: false, pageLoadStrategy: normal, platformName: WINDOWS, proxy: Proxy(), se:cdp: ws://localhost:61893/devtoo..., se:cdpVersion: 112.0.5615.138, setWindowRect: true, strictFileInteractability: false, timeouts: {implicit: 0, pageLoad: 300000, script: 30000}, unhandledPromptBehavior: dismiss and notify, webauthn:extension:credBlob: true, webauthn:extension:largeBlob: true, webauthn:extension:minPinLength: true, webauthn:extension:prf: true, webauthn:virtualAuthenticators: true}
Session ID: e7c3caa5dccf02059b7fe715fe93986f</textarea></td></tr>
<tr><td>TC_002_SO_Create_So_with_KYC_without_L1_Test</td></tr>
<tr><td>Cleared the cart with pre loaded SKU'S</td></tr>
<tr><td>Sales Order is not Created due to L1 pending</td></tr>
<tr><td>TC_003_SO_Create_So_customer_type_change_Test</td></tr>
<tr><td>customer with L1 status </td></tr>
<tr><td>customer with L1 status </td></tr>
<tr><td>Cleared the cart with pre loaded SKU'S</td></tr>
<tr><td>TC_003_SO_Create_So_customer_type_change_Test Got Failed</td></tr>
<tr><td><textarea rows='5' cols='50' style='background-color:red;' readonly>org.openqa.selenium.StaleElementReferenceException: stale element reference: element is not attached to the page document
  (Session info: chrome=112.0.5615.138)
For documentation on this error, please visit: https://selenium.dev/exceptions/#stale_element_reference
Build info: version: '4.5.0', revision: 'fe167b119a'
System info: os.name: 'Windows 11', os.arch: 'amd64', os.version: '10.0', java.version: '17.0.4.1'
Driver info: org.openqa.selenium.chrome.ChromeDriver
Command: [4b135b573ce3d282989ef4b1a71ea055, clickElement {id=e566c8de-6541-4a96-b83f-3eaf04681a80}]
Capabilities {acceptInsecureCerts: false, browserName: chrome, browserVersion: 112.0.5615.138, chrome: {chromedriverVersion: 112.0.5615.49 (bd2a7bcb881c..., userDataDir: C:\Users\IRFAN~1.PIN\AppDat...}, goog:chromeOptions: {debuggerAddress: localhost:61958}, networkConnectionEnabled: false, pageLoadStrategy: normal, platformName: WINDOWS, proxy: Proxy(), se:cdp: ws://localhost:61958/devtoo..., se:cdpVersion: 112.0.5615.138, setWindowRect: true, strictFileInteractability: false, timeouts: {implicit: 0, pageLoad: 300000, script: 30000}, unhandledPromptBehavior: dismiss and notify, webauthn:extension:credBlob: true, webauthn:extension:largeBlob: true, webauthn:extension:minPinLength: true, webauthn:extension:prf: true, webauthn:virtualAuthenticators: true}
Element: [[ChromeDriver: chrome on WINDOWS (4b135b573ce3d282989ef4b1a71ea055)] -> xpath: //div[@class='toast-message']]
Session ID: 4b135b573ce3d282989ef4b1a71ea055</textarea></td></tr>
</table>